
  .   ____          _            __ _ _
 /\\ / ___'_ __ _ _(_)_ __  __ _ \ \ \ \
( ( )\___ | '_ | '_| | '_ \/ _` | \ \ \ \
 \\/  ___)| |_)| | | | | || (_| |  ) ) ) )
  '  |____| .__|_| |_|_| |_\__, | / / / /
 =========|_|==============|___/=/_/_/_/
 :: Spring Boot ::                (v3.2.0)

2026-05-10T13:25:44.988+05:30  INFO 21172 --- [Blood Donation Application] [           main] c.b.BloodDonationApplication             : Starting BloodDonationApplication v0.0.1-SNAPSHOT using Java 25.0.2 with PID 21172 (D:\Blood_Donation_Application\target\blood-donation-app-0.0.1-SNAPSHOT.jar started by vaibh in D:\Blood_Donation_Application)
2026-05-10T13:25:44.995+05:30  INFO 21172 --- [Blood Donation Application] [           main] c.b.BloodDonationApplication             : No active profile set, falling back to 1 default profile: "default"
2026-05-10T13:25:45.880+05:30  INFO 21172 --- [Blood Donation Application] [           main] .s.d.r.c.RepositoryConfigurationDelegate : Bootstrapping Spring Data JPA repositories in DEFAULT mode.
2026-05-10T13:25:45.936+05:30  INFO 21172 --- [Blood Donation Application] [           main] .s.d.r.c.RepositoryConfigurationDelegate : Finished Spring Data repository scanning in 44 ms. Found 5 JPA repository interfaces.
2026-05-10T13:25:46.536+05:30  INFO 21172 --- [Blood Donation Application] [           main] o.s.b.w.embedded.tomcat.TomcatWebServer  : Tomcat initialized with port 8080 (http)
2026-05-10T13:25:46.547+05:30  INFO 21172 --- [Blood Donation Application] [           main] o.apache.catalina.core.StandardService   : Starting service [Tomcat]
2026-05-10T13:25:46.548+05:30  INFO 21172 --- [Blood Donation Application] [           main] o.apache.catalina.core.StandardEngine    : Starting Servlet engine: [Apache Tomcat/10.1.16]
2026-05-10T13:25:46.582+05:30  INFO 21172 --- [Blood Donation Application] [           main] o.a.c.c.C.[Tomcat].[localhost].[/]       : Initializing Spring embedded WebApplicationContext
2026-05-10T13:25:46.582+05:30  INFO 21172 --- [Blood Donation Application] [           main] w.s.c.ServletWebServerApplicationContext : Root WebApplicationContext: initialization completed in 1475 ms
2026-05-10T13:25:46.735+05:30  INFO 21172 --- [Blood Donation Application] [           main] o.hibernate.jpa.internal.util.LogHelper  : HHH000204: Processing PersistenceUnitInfo [name: default]
2026-05-10T13:25:46.796+05:30  INFO 21172 --- [Blood Donation Application] [           main] org.hibernate.Version                    : HHH000412: Hibernate ORM core version 6.3.1.Final
2026-05-10T13:25:46.833+05:30  INFO 21172 --- [Blood Donation Application] [           main] o.h.c.internal.RegionFactoryInitiator    : HHH000026: Second-level cache disabled
2026-05-10T13:25:47.045+05:30  INFO 21172 --- [Blood Donation Application] [           main] o.s.o.j.p.SpringPersistenceUnitInfo      : No LoadTimeWeaver setup: ignoring JPA class transformer
2026-05-10T13:25:47.076+05:30  INFO 21172 --- [Blood Donation Application] [           main] com.zaxxer.hikari.HikariDataSource       : HikariPool-1 - Starting...
2026-05-10T13:25:47.273+05:30  INFO 21172 --- [Blood Donation Application] [           main] com.zaxxer.hikari.pool.HikariPool        : HikariPool-1 - Added connection com.mysql.cj.jdbc.ConnectionImpl@40c76f5a
2026-05-10T13:25:47.280+05:30  INFO 21172 --- [Blood Donation Application] [           main] com.zaxxer.hikari.HikariDataSource       : HikariPool-1 - Start completed.
2026-05-10T13:25:47.992+05:30  INFO 21172 --- [Blood Donation Application] [           main] o.h.e.t.j.p.i.JtaPlatformInitiator       : HHH000489: No JTA platform available (set 'hibernate.transaction.jta.platform' to enable JTA platform integration)
2026-05-10T13:25:48.050+05:30  INFO 21172 --- [Blood Donation Application] [           main] j.LocalContainerEntityManagerFactoryBean : Initialized JPA EntityManagerFactory for persistence unit 'default'
2026-05-10T13:25:48.668+05:30  WARN 21172 --- [Blood Donation Application] [           main] JpaBaseConfiguration$JpaWebConfiguration : spring.jpa.open-in-view is enabled by default. Therefore, database queries may be performed during view rendering. Explicitly configure spring.jpa.open-in-view to disable this warning
2026-05-10T13:25:48.688+05:30  WARN 21172 --- [Blood Donation Application] [           main] .s.s.UserDetailsServiceAutoConfiguration : 

Using generated security password: cd8b00d7-22ff-419f-956c-326f9eb7ce0d

This generated password is for development use only. Your security configuration must be updated before running your application in production.

2026-05-10T13:25:48.830+05:30  INFO 21172 --- [Blood Donation Application] [           main] o.s.b.a.w.s.WelcomePageHandlerMapping    : Adding welcome page: class path resource [static/index.html]
2026-05-10T13:25:48.968+05:30  INFO 21172 --- [Blood Donation Application] [           main] o.s.s.web.DefaultSecurityFilterChain     : Will secure any request with [org.springframework.security.web.session.DisableEncodeUrlFilter@3829306d, org.springframework.security.web.context.request.async.WebAsyncManagerIntegrationFilter@28effa3f, org.springframework.security.web.context.SecurityContextHolderFilter@53cb9b1, org.springframework.security.web.header.HeaderWriterFilter@cf0bc92, org.springframework.web.filter.CorsFilter@1d1da00b, org.springframework.security.web.authentication.logout.LogoutFilter@3445ddf2, org.springframework.security.web.savedrequest.RequestCacheAwareFilter@61e34bec, org.springframework.security.web.servletapi.SecurityContextHolderAwareRequestFilter@3305897c, org.springframework.security.web.authentication.AnonymousAuthenticationFilter@2db4a84a, org.springframework.security.web.access.ExceptionTranslationFilter@44a7661d, org.springframework.security.web.access.intercept.AuthorizationFilter@53086bdc]
2026-05-10T13:25:49.220+05:30  INFO 21172 --- [Blood Donation Application] [           main] o.s.b.w.embedded.tomcat.TomcatWebServer  : Tomcat started on port 8080 (http) with context path ''
2026-05-10T13:25:49.227+05:30  INFO 21172 --- [Blood Donation Application] [           main] o.s.m.s.b.SimpleBrokerMessageHandler     : Starting...
2026-05-10T13:25:49.229+05:30  INFO 21172 --- [Blood Donation Application] [           main] o.s.m.s.b.SimpleBrokerMessageHandler     : BrokerAvailabilityEvent[available=true, SimpleBrokerMessageHandler [org.springframework.messaging.simp.broker.DefaultSubscriptionRegistry@2bd8c8f1]]
2026-05-10T13:25:49.230+05:30  INFO 21172 --- [Blood Donation Application] [           main] o.s.m.s.b.SimpleBrokerMessageHandler     : Started.
2026-05-10T13:25:49.244+05:30  INFO 21172 --- [Blood Donation Application] [           main] c.b.BloodDonationApplication             : Started BloodDonationApplication in 4.716 seconds (process running for 5.246)
Hibernate: 
    select
        u1_0.id,
        u1_0.available_to_donate,
        u1_0.blood_group,
        u1_0.city,
        u1_0.contact_number,
        u1_0.email,
        u1_0.full_name,
        u1_0.last_donation_date,
        u1_0.password,
        u1_0.role,
        u1_0.user_type,
        u1_0.username 
    from
        users u1_0
DEBUG: Checking if user exists: user1@test.com
Hibernate: 
    select
        u1_0.id,
        u1_0.available_to_donate,
        u1_0.blood_group,
        u1_0.city,
        u1_0.contact_number,
        u1_0.email,
        u1_0.full_name,
        u1_0.last_donation_date,
        u1_0.password,
        u1_0.role,
        u1_0.user_type,
        u1_0.username 
    from
        users u1_0 
    where
        u1_0.username=?
DEBUG: Checking if user exists: user2@test.com
Hibernate: 
    select
        u1_0.id,
        u1_0.available_to_donate,
        u1_0.blood_group,
        u1_0.city,
        u1_0.contact_number,
        u1_0.email,
        u1_0.full_name,
        u1_0.last_donation_date,
        u1_0.password,
        u1_0.role,
        u1_0.user_type,
        u1_0.username 
    from
        users u1_0 
    where
        u1_0.username=?
DEBUG: Checking if user exists: user3@test.com
Hibernate: 
    select
        u1_0.id,
        u1_0.available_to_donate,
        u1_0.blood_group,
        u1_0.city,
        u1_0.contact_number,
        u1_0.email,
        u1_0.full_name,
        u1_0.last_donation_date,
        u1_0.password,
        u1_0.role,
        u1_0.user_type,
        u1_0.username 
    from
        users u1_0 
    where
        u1_0.username=?
DEBUG: Checking if user exists: user4@test.com
Hibernate: 
    select
        u1_0.id,
        u1_0.available_to_donate,
        u1_0.blood_group,
        u1_0.city,
        u1_0.contact_number,
        u1_0.email,
        u1_0.full_name,
        u1_0.last_donation_date,
        u1_0.password,
        u1_0.role,
        u1_0.user_type,
        u1_0.username 
    from
        users u1_0 
    where
        u1_0.username=?
DEBUG: Checking if user exists: user5@test.com
Hibernate: 
    select
        u1_0.id,
        u1_0.available_to_donate,
        u1_0.blood_group,
        u1_0.city,
        u1_0.contact_number,
        u1_0.email,
        u1_0.full_name,
        u1_0.last_donation_date,
        u1_0.password,
        u1_0.role,
        u1_0.user_type,
        u1_0.username 
    from
        users u1_0 
    where
        u1_0.username=?
DEBUG: Checking if user exists: user6@test.com
Hibernate: 
    select
        u1_0.id,
        u1_0.available_to_donate,
        u1_0.blood_group,
        u1_0.city,
        u1_0.contact_number,
        u1_0.email,
        u1_0.full_name,
        u1_0.last_donation_date,
        u1_0.password,
        u1_0.role,
        u1_0.user_type,
        u1_0.username 
    from
        users u1_0 
    where
        u1_0.username=?
DEBUG: Checking if user exists: user7@test.com
Hibernate: 
    select
        u1_0.id,
        u1_0.available_to_donate,
        u1_0.blood_group,
        u1_0.city,
        u1_0.contact_number,
        u1_0.email,
        u1_0.full_name,
        u1_0.last_donation_date,
        u1_0.password,
        u1_0.role,
        u1_0.user_type,
        u1_0.username 
    from
        users u1_0 
    where
        u1_0.username=?
DEBUG: Checking if user exists: user8@test.com
Hibernate: 
    select
        u1_0.id,
        u1_0.available_to_donate,
        u1_0.blood_group,
        u1_0.city,
        u1_0.contact_number,
        u1_0.email,
        u1_0.full_name,
        u1_0.last_donation_date,
        u1_0.password,
        u1_0.role,
        u1_0.user_type,
        u1_0.username 
    from
        users u1_0 
    where
        u1_0.username=?
DEBUG: Checking if user exists: user9@test.com
Hibernate: 
    select
        u1_0.id,
        u1_0.available_to_donate,
        u1_0.blood_group,
        u1_0.city,
        u1_0.contact_number,
        u1_0.email,
        u1_0.full_name,
        u1_0.last_donation_date,
        u1_0.password,
        u1_0.role,
        u1_0.user_type,
        u1_0.username 
    from
        users u1_0 
    where
        u1_0.username=?
DEBUG: Checking if user exists: user10@test.com
Hibernate: 
    select
        u1_0.id,
        u1_0.available_to_donate,
        u1_0.blood_group,
        u1_0.city,
        u1_0.contact_number,
        u1_0.email,
        u1_0.full_name,
        u1_0.last_donation_date,
        u1_0.password,
        u1_0.role,
        u1_0.user_type,
        u1_0.username 
    from
        users u1_0 
    where
        u1_0.username=?
Hibernate: 
    select
        bb1_0.id 
    from
        blood_banks bb1_0 
    where
        bb1_0.email=? 
    limit
        ?
Hibernate: 
    select
        bb1_0.id 
    from
        blood_banks bb1_0 
    where
        bb1_0.email=? 
    limit
        ?
Hibernate: 
    select
        bb1_0.id 
    from
        blood_banks bb1_0 
    where
        bb1_0.email=? 
    limit
        ?
Hibernate: 
    select
        u1_0.id,
        u1_0.available_to_donate,
        u1_0.blood_group,
        u1_0.city,
        u1_0.contact_number,
        u1_0.email,
        u1_0.full_name,
        u1_0.last_donation_date,
        u1_0.password,
        u1_0.role,
        u1_0.user_type,
        u1_0.username 
    from
        users u1_0 
    where
        u1_0.username=?
Hibernate: 
    insert 
    into
        blood_requests
        (accepted_blood_bank_id, accepted_blood_bank_name, accepted_donor_name, accepted_donor_username, blood_group, city, contact_number, description, donation_completed_at, donation_otp, donor_request_sent_at, hospital_name, otp_sent_at, otp_verified, otp_verified_at, patient_accepted_at, patient_accepted_donor_request, patient_name, prescription_file_path, request_date, requester_id, requester_name, status, units_required, urgency) 
    values
        (?, ?, ?, ?, ?, ?, ?, ?, ?, ?, ?, ?, ?, ?, ?, ?, ?, ?, ?, ?, ?, ?, ?, ?, ?)
Hibernate: 
    select
        u1_0.id,
        u1_0.available_to_donate,
        u1_0.blood_group,
        u1_0.city,
        u1_0.contact_number,
        u1_0.email,
        u1_0.full_name,
        u1_0.last_donation_date,
        u1_0.password,
        u1_0.role,
        u1_0.user_type,
        u1_0.username 
    from
        users u1_0 
    where
        u1_0.username=?
Hibernate: 
    insert 
    into
        blood_requests
        (accepted_blood_bank_id, accepted_blood_bank_name, accepted_donor_name, accepted_donor_username, blood_group, city, contact_number, description, donation_completed_at, donation_otp, donor_request_sent_at, hospital_name, otp_sent_at, otp_verified, otp_verified_at, patient_accepted_at, patient_accepted_donor_request, patient_name, prescription_file_path, request_date, requester_id, requester_name, status, units_required, urgency) 
    values
        (?, ?, ?, ?, ?, ?, ?, ?, ?, ?, ?, ?, ?, ?, ?, ?, ?, ?, ?, ?, ?, ?, ?, ?, ?)
Hibernate: 
    select
        u1_0.id,
        u1_0.available_to_donate,
        u1_0.blood_group,
        u1_0.city,
        u1_0.contact_number,
        u1_0.email,
        u1_0.full_name,
        u1_0.last_donation_date,
        u1_0.password,
        u1_0.role,
        u1_0.user_type,
        u1_0.username 
    from
        users u1_0 
    where
        u1_0.username=?
Hibernate: 
    insert 
    into
        blood_requests
        (accepted_blood_bank_id, accepted_blood_bank_name, accepted_donor_name, accepted_donor_username, blood_group, city, contact_number, description, donation_completed_at, donation_otp, donor_request_sent_at, hospital_name, otp_sent_at, otp_verified, otp_verified_at, patient_accepted_at, patient_accepted_donor_request, patient_name, prescription_file_path, request_date, requester_id, requester_name, status, units_required, urgency) 
    values
        (?, ?, ?, ?, ?, ?, ?, ?, ?, ?, ?, ?, ?, ?, ?, ?, ?, ?, ?, ?, ?, ?, ?, ?, ?)
Hibernate: 
    select
        u1_0.id,
        u1_0.available_to_donate,
        u1_0.blood_group,
        u1_0.city,
        u1_0.contact_number,
        u1_0.email,
        u1_0.full_name,
        u1_0.last_donation_date,
        u1_0.password,
        u1_0.role,
        u1_0.user_type,
        u1_0.username 
    from
        users u1_0 
    where
        u1_0.username=?
Hibernate: 
    insert 
    into
        blood_requests
        (accepted_blood_bank_id, accepted_blood_bank_name, accepted_donor_name, accepted_donor_username, blood_group, city, contact_number, description, donation_completed_at, donation_otp, donor_request_sent_at, hospital_name, otp_sent_at, otp_verified, otp_verified_at, patient_accepted_at, patient_accepted_donor_request, patient_name, prescription_file_path, request_date, requester_id, requester_name, status, units_required, urgency) 
    values
        (?, ?, ?, ?, ?, ?, ?, ?, ?, ?, ?, ?, ?, ?, ?, ?, ?, ?, ?, ?, ?, ?, ?, ?, ?)
Hibernate: 
    select
        u1_0.id,
        u1_0.available_to_donate,
        u1_0.blood_group,
        u1_0.city,
        u1_0.contact_number,
        u1_0.email,
        u1_0.full_name,
        u1_0.last_donation_date,
        u1_0.password,
        u1_0.role,
        u1_0.user_type,
        u1_0.username 
    from
        users u1_0 
    where
        u1_0.username=?
Hibernate: 
    insert 
    into
        blood_requests
        (accepted_blood_bank_id, accepted_blood_bank_name, accepted_donor_name, accepted_donor_username, blood_group, city, contact_number, description, donation_completed_at, donation_otp, donor_request_sent_at, hospital_name, otp_sent_at, otp_verified, otp_verified_at, patient_accepted_at, patient_accepted_donor_request, patient_name, prescription_file_path, request_date, requester_id, requester_name, status, units_required, urgency) 
    values
        (?, ?, ?, ?, ?, ?, ?, ?, ?, ?, ?, ?, ?, ?, ?, ?, ?, ?, ?, ?, ?, ?, ?, ?, ?)
Hibernate: 
    select
        u1_0.id,
        u1_0.available_to_donate,
        u1_0.blood_group,
        u1_0.city,
        u1_0.contact_number,
        u1_0.email,
        u1_0.full_name,
        u1_0.last_donation_date,
        u1_0.password,
        u1_0.role,
        u1_0.user_type,
        u1_0.username 
    from
        users u1_0 
    where
        u1_0.username=?
Hibernate: 
    insert 
    into
        blood_requests
        (accepted_blood_bank_id, accepted_blood_bank_name, accepted_donor_name, accepted_donor_username, blood_group, city, contact_number, description, donation_completed_at, donation_otp, donor_request_sent_at, hospital_name, otp_sent_at, otp_verified, otp_verified_at, patient_accepted_at, patient_accepted_donor_request, patient_name, prescription_file_path, request_date, requester_id, requester_name, status, units_required, urgency) 
    values
        (?, ?, ?, ?, ?, ?, ?, ?, ?, ?, ?, ?, ?, ?, ?, ?, ?, ?, ?, ?, ?, ?, ?, ?, ?)
Hibernate: 
    select
        u1_0.id,
        u1_0.available_to_donate,
        u1_0.blood_group,
        u1_0.city,
        u1_0.contact_number,
        u1_0.email,
        u1_0.full_name,
        u1_0.last_donation_date,
        u1_0.password,
        u1_0.role,
        u1_0.user_type,
        u1_0.username 
    from
        users u1_0 
    where
        u1_0.username=?
Hibernate: 
    insert 
    into
        blood_requests
        (accepted_blood_bank_id, accepted_blood_bank_name, accepted_donor_name, accepted_donor_username, blood_group, city, contact_number, description, donation_completed_at, donation_otp, donor_request_sent_at, hospital_name, otp_sent_at, otp_verified, otp_verified_at, patient_accepted_at, patient_accepted_donor_request, patient_name, prescription_file_path, request_date, requester_id, requester_name, status, units_required, urgency) 
    values
        (?, ?, ?, ?, ?, ?, ?, ?, ?, ?, ?, ?, ?, ?, ?, ?, ?, ?, ?, ?, ?, ?, ?, ?, ?)
Hibernate: 
    select
        u1_0.id,
        u1_0.available_to_donate,
        u1_0.blood_group,
        u1_0.city,
        u1_0.contact_number,
        u1_0.email,
        u1_0.full_name,
        u1_0.last_donation_date,
        u1_0.password,
        u1_0.role,
        u1_0.user_type,
        u1_0.username 
    from
        users u1_0 
    where
        u1_0.username=?
Hibernate: 
    insert 
    into
        blood_requests
        (accepted_blood_bank_id, accepted_blood_bank_name, accepted_donor_name, accepted_donor_username, blood_group, city, contact_number, description, donation_completed_at, donation_otp, donor_request_sent_at, hospital_name, otp_sent_at, otp_verified, otp_verified_at, patient_accepted_at, patient_accepted_donor_request, patient_name, prescription_file_path, request_date, requester_id, requester_name, status, units_required, urgency) 
    values
        (?, ?, ?, ?, ?, ?, ?, ?, ?, ?, ?, ?, ?, ?, ?, ?, ?, ?, ?, ?, ?, ?, ?, ?, ?)
Hibernate: 
    select
        u1_0.id,
        u1_0.available_to_donate,
        u1_0.blood_group,
        u1_0.city,
        u1_0.contact_number,
        u1_0.email,
        u1_0.full_name,
        u1_0.last_donation_date,
        u1_0.password,
        u1_0.role,
        u1_0.user_type,
        u1_0.username 
    from
        users u1_0 
    where
        u1_0.username=?
Hibernate: 
    insert 
    into
        blood_requests
        (accepted_blood_bank_id, accepted_blood_bank_name, accepted_donor_name, accepted_donor_username, blood_group, city, contact_number, description, donation_completed_at, donation_otp, donor_request_sent_at, hospital_name, otp_sent_at, otp_verified, otp_verified_at, patient_accepted_at, patient_accepted_donor_request, patient_name, prescription_file_path, request_date, requester_id, requester_name, status, units_required, urgency) 
    values
        (?, ?, ?, ?, ?, ?, ?, ?, ?, ?, ?, ?, ?, ?, ?, ?, ?, ?, ?, ?, ?, ?, ?, ?, ?)
Hibernate: 
    select
        u1_0.id,
        u1_0.available_to_donate,
        u1_0.blood_group,
        u1_0.city,
        u1_0.contact_number,
        u1_0.email,
        u1_0.full_name,
        u1_0.last_donation_date,
        u1_0.password,
        u1_0.role,
        u1_0.user_type,
        u1_0.username 
    from
        users u1_0 
    where
        u1_0.username=?
Hibernate: 
    insert 
    into
        blood_requests
        (accepted_blood_bank_id, accepted_blood_bank_name, accepted_donor_name, accepted_donor_username, blood_group, city, contact_number, description, donation_completed_at, donation_otp, donor_request_sent_at, hospital_name, otp_sent_at, otp_verified, otp_verified_at, patient_accepted_at, patient_accepted_donor_request, patient_name, prescription_file_path, request_date, requester_id, requester_name, status, units_required, urgency) 
    values
        (?, ?, ?, ?, ?, ?, ?, ?, ?, ?, ?, ?, ?, ?, ?, ?, ?, ?, ?, ?, ?, ?, ?, ?, ?)
